<?xml version="1.0" encoding="UTF-8"?>
<testng-results skipped="0" failed="0" ignored="0" total="2" passed="2">
  <reporter-output>
  </reporter-output>
  <suite name="Suite" duration-ms="10595" started-at="2021-11-28T07:21:52 UTC" finished-at="2021-11-28T07:22:02 UTC">
    <groups>
    </groups>
    <test name="Test" duration-ms="10595" started-at="2021-11-28T07:21:52 UTC" finished-at="2021-11-28T07:22:02 UTC">
      <class name="grid.GridTest">
        <test-method status="PASS" signature="test1()[pri:0, instance:grid.GridTest@704a52ec]" name="test1" duration-ms="6044" started-at="2021-11-28T07:21:52 UTC" finished-at="2021-11-28T07:21:58 UTC">
          <reporter-output>
          </reporter-output>
        </test-method> <!-- test1 -->
        <test-method status="PASS" signature="test2()[pri:0, instance:grid.GridTest@704a52ec]" name="test2" duration-ms="10547" started-at="2021-11-28T07:21:52 UTC" finished-at="2021-11-28T07:22:02 UTC">
          <reporter-output>
          </reporter-output>
        </test-method> <!-- test2 -->
      </class> <!-- grid.GridTest -->
    </test> <!-- Test -->
  </suite> <!-- Suite -->
</testng-results>
